[0m16:11:04.343095 [debug] [MainThread]: Sending event: {'category': 'dbt', 'action': 'invocation', 'label': 'start', 'context': [<snowplow_tracker.self_describing_json.SelfDescribingJson object at 0x0000020052A16590>, <snowplow_tracker.self_describing_json.SelfDescribingJson object at 0x000002005307AED0>, <snowplow_tracker.self_describing_json.SelfDescribingJson object at 0x0000020052F3A690>]}


============================== 16:11:04.348095 | c63a527c-d74e-4f50-842a-693edca0b125 ==============================
[0m16:11:04.348095 [info ] [MainThread]: Running with dbt=1.5.2
[0m16:11:04.349098 [debug] [MainThread]: running dbt with arguments {'printer_width': '80', 'indirect_selection': 'eager', 'log_cache_events': 'False', 'write_json': 'True', 'partial_parse': 'True', 'cache_selected_only': 'False', 'warn_error': 'None', 'fail_fast': 'False', 'profiles_dir': 'C:\\Users\\SNando01\\.dbt', 'log_path': 'logs', 'debug': 'False', 'version_check': 'True', 'use_colors': 'True', 'use_experimental_parser': 'False', 'no_print': 'None', 'quiet': 'False', 'log_format': 'default', 'static_parser': 'True', 'introspect': 'True', 'warn_error_options': 'WarnErrorOptions(include=[], exclude=[])', 'target_path': 'None', 'send_anonymous_usage_stats': 'True'}
[0m16:11:04.352098 [debug] [MainThread]: Starter project path: C:\Users\SNando01\dbt-venv\Lib\site-packages\dbt\include\starter_project
[0m16:30:33.571484 [info ] [MainThread]: Profile dbt_poc written to C:\Users\SNando01\.dbt\profiles.yml using target's profile_template.yml and your supplied values. Run 'dbt debug' to validate the connection.
[0m16:30:33.580484 [info ] [MainThread]: 
Your new dbt project "dbt_poc" was created!

For more information on how to configure the profiles.yml file,
please consult the dbt documentation here:

  https://docs.getdbt.com/docs/configure-your-profile

One more thing:

Need help? Don't hesitate to reach out to us via GitHub issues or on Slack:

  https://community.getdbt.com/

Happy modeling!

[0m16:30:33.584485 [debug] [MainThread]: Command `dbt init` succeeded at 16:30:33.584485 after 1169.51 seconds
[0m16:30:33.585487 [debug] [MainThread]: Sending event: {'category': 'dbt', 'action': 'invocation', 'label': 'end', 'context': [<snowplow_tracker.self_describing_json.SelfDescribingJson object at 0x000002004D63F210>, <snowplow_tracker.self_describing_json.SelfDescribingJson object at 0x000002004D63FE50>, <snowplow_tracker.self_describing_json.SelfDescribingJson object at 0x00000200525F3310>]}
[0m16:30:33.586487 [debug] [MainThread]: Flushing usage events
[0m16:30:34.491100 [debug] [MainThread]: Error sending anonymous usage statistics. Disabling tracking for this execution. If you wish to permanently disable tracking, see: https://docs.getdbt.com/reference/global-configs#send-anonymous-usage-stats.
[0m17:42:00.681130 [debug] [MainThread]: Sending event: {'category': 'dbt', 'action': 'invocation', 'label': 'start', 'context': [<snowplow_tracker.self_describing_json.SelfDescribingJson object at 0x00000207510616D0>, <snowplow_tracker.self_describing_json.SelfDescribingJson object at 0x0000020751062390>, <snowplow_tracker.self_describing_json.SelfDescribingJson object at 0x0000020751061CD0>]}


============================== 17:42:00.692129 | d0916b74-67e3-48e3-a103-1d2517fa6aa7 ==============================
[0m17:42:00.692129 [info ] [MainThread]: Running with dbt=1.5.2
[0m17:42:00.693130 [debug] [MainThread]: running dbt with arguments {'printer_width': '80', 'indirect_selection': 'eager', 'write_json': 'True', 'log_cache_events': 'False', 'partial_parse': 'True', 'cache_selected_only': 'False', 'warn_error': 'None', 'debug': 'False', 'version_check': 'True', 'log_path': 'logs', 'profiles_dir': 'C:\\Users\\SNando01\\.dbt', 'fail_fast': 'False', 'use_colors': 'True', 'use_experimental_parser': 'False', 'no_print': 'None', 'quiet': 'False', 'warn_error_options': 'WarnErrorOptions(include=[], exclude=[])', 'static_parser': 'True', 'log_format': 'default', 'introspect': 'True', 'target_path': 'None', 'send_anonymous_usage_stats': 'True'}
[0m17:42:00.694129 [info ] [MainThread]: dbt version: 1.5.2
[0m17:42:00.696128 [info ] [MainThread]: python version: 3.11.4
[0m17:42:00.697125 [info ] [MainThread]: python path: C:\Users\SNando01\dbt-venv\Scripts\python.exe
[0m17:42:00.698125 [info ] [MainThread]: os info: Windows-10-10.0.22000-SP0
[0m17:42:00.699126 [info ] [MainThread]: Using profiles.yml file at C:\Users\SNando01\.dbt\profiles.yml
[0m17:42:00.701127 [info ] [MainThread]: Using dbt_project.yml file at C:\Users\SNando01\DBT_POC\dbt_project.yml
[0m17:42:00.702127 [info ] [MainThread]: Configuration:
[0m17:42:02.421428 [info ] [MainThread]:   profiles.yml file [[32mOK found and valid[0m]
[0m17:42:02.423430 [info ] [MainThread]:   dbt_project.yml file [[31mERROR not found[0m]
[0m17:42:02.424433 [info ] [MainThread]: Required dependencies:
[0m17:42:02.425432 [debug] [MainThread]: Executing "git --help"
[0m17:42:02.870434 [debug] [MainThread]: STDOUT: "b"usage: git [-v | --version] [-h | --help] [-C <path>] [-c <name>=<value>]\n           [--exec-path[=<path>]] [--html-path] [--man-path] [--info-path]\n           [-p | --paginate | -P | --no-pager] [--no-replace-objects] [--bare]\n           [--git-dir=<path>] [--work-tree=<path>] [--namespace=<name>]\n           [--config-env=<name>=<envvar>] <command> [<args>]\n\nThese are common Git commands used in various situations:\n\nstart a working area (see also: git help tutorial)\n   clone     Clone a repository into a new directory\n   init      Create an empty Git repository or reinitialize an existing one\n\nwork on the current change (see also: git help everyday)\n   add       Add file contents to the index\n   mv        Move or rename a file, a directory, or a symlink\n   restore   Restore working tree files\n   rm        Remove files from the working tree and from the index\n\nexamine the history and state (see also: git help revisions)\n   bisect    Use binary search to find the commit that introduced a bug\n   diff      Show changes between commits, commit and working tree, etc\n   grep      Print lines matching a pattern\n   log       Show commit logs\n   show      Show various types of objects\n   status    Show the working tree status\n\ngrow, mark and tweak your common history\n   branch    List, create, or delete branches\n   commit    Record changes to the repository\n   merge     Join two or more development histories together\n   rebase    Reapply commits on top of another base tip\n   reset     Reset current HEAD to the specified state\n   switch    Switch branches\n   tag       Create, list, delete or verify a tag object signed with GPG\n\ncollaborate (see also: git help workflows)\n   fetch     Download objects and refs from another repository\n   pull      Fetch from and integrate with another repository or a local branch\n   push      Update remote refs along with associated objects\n\n'git help -a' and 'git help -g' list available subcommands and some\nconcept guides. See 'git help <command>' or 'git help <concept>'\nto read about a specific subcommand or concept.\nSee 'git help git' for an overview of the system.\n""
[0m17:42:02.871435 [debug] [MainThread]: STDERR: "b''"
[0m17:42:02.872437 [info ] [MainThread]:  - git [[32mOK found[0m]

[0m17:42:02.873436 [info ] [MainThread]: Connection:
[0m17:42:02.875438 [info ] [MainThread]:   account: bk40750.east-us-2.azure
[0m17:42:02.876437 [info ] [MainThread]:   user: MHennes3
[0m17:42:02.879434 [info ] [MainThread]:   database: COMMEX_DB
[0m17:42:02.880435 [info ] [MainThread]:   schema: DIGITAL_SHELF_DBT
[0m17:42:02.881437 [info ] [MainThread]:   warehouse: DEV_COMX_GLOBAL_APP1_WH
[0m17:42:02.882450 [info ] [MainThread]:   role: DEV_COMX_GLOBAL_DEVELOPER_FR
[0m17:42:02.883438 [info ] [MainThread]:   client_session_keep_alive: False
[0m17:42:02.884436 [info ] [MainThread]:   query_tag: None
[0m17:42:02.899437 [info ] [MainThread]: Registered adapter: snowflake=1.5.2
[0m17:42:02.900434 [debug] [MainThread]: Acquiring new snowflake connection 'debug'
[0m17:42:02.901437 [debug] [MainThread]: Using snowflake connection "debug"
[0m17:42:02.902440 [debug] [MainThread]: On debug: select 1 as id
[0m17:42:02.902440 [debug] [MainThread]: Opening a new connection, currently in state init
[0m17:42:05.496536 [debug] [MainThread]: SQL status: SUCCESS 1 in 3.0 seconds
[0m17:42:05.498536 [debug] [MainThread]: On debug: Close
[0m17:42:06.087113 [info ] [MainThread]:   Connection test: [[32mOK connection ok[0m]

[0m17:42:06.089114 [info ] [MainThread]: [31m1 check failed:[0m
[0m17:42:06.090121 [info ] [MainThread]: Could not load dbt_project.yml

[0m17:42:06.091116 [debug] [MainThread]: Command `dbt debug` failed at 17:42:06.091116 after 5.76 seconds
[0m17:42:06.092119 [debug] [MainThread]: Connection 'debug' was properly closed.
[0m17:42:06.093115 [debug] [MainThread]: Sending event: {'category': 'dbt', 'action': 'invocation', 'label': 'end', 'context': [<snowplow_tracker.self_describing_json.SelfDescribingJson object at 0x0000020750BD7F50>, <snowplow_tracker.self_describing_json.SelfDescribingJson object at 0x0000020750BD7D50>, <snowplow_tracker.self_describing_json.SelfDescribingJson object at 0x000002075167A710>]}
[0m17:42:06.093115 [debug] [MainThread]: Flushing usage events
[0m17:42:06.924768 [debug] [MainThread]: Error sending anonymous usage statistics. Disabling tracking for this execution. If you wish to permanently disable tracking, see: https://docs.getdbt.com/reference/global-configs#send-anonymous-usage-stats.
